This is pdfTeX, Version 3.141592653-2.6-1.40.22 (TeX Live 2021/Arch Linux) (preloaded format=pdflatex 2021.5.23)  15 JUN 2021 11:24
entering extended mode
 restricted \write18 enabled.
 %&-line parsing enabled.
**cp2021t
(./cp2021t.tex
LaTeX2e <2020-10-01> patch level 4
L3 programming layer <2021-02-18>
(/usr/share/texmf-dist/tex/latex/base/article.cls
Document Class: article 2020/04/10 v1.4m Standard LaTeX document class
(/usr/share/texmf-dist/tex/latex/base/size10.clo
File: size10.clo 2020/04/10 v1.4m Standard LaTeX file (size option)
)
\c@part=\count179
\c@section=\count180
\c@subsection=\count181
\c@subsubsection=\count182
\c@paragraph=\count183
\c@subparagraph=\count184
\c@figure=\count185
\c@table=\count186
\abovecaptionskip=\skip47
\belowcaptionskip=\skip48
\bibindent=\dimen138
)
(/usr/share/texmf-dist/tex/latex/geometry/geometry.sty
Package: geometry 2020/01/02 v5.9 Page Geometry

(/usr/share/texmf-dist/tex/latex/graphics/keyval.sty
Package: keyval 2014/10/28 v1.15 key=value parser (DPC)
\KV@toks@=\toks15
)
(/usr/share/texmf-dist/tex/generic/iftex/ifvtex.sty
Package: ifvtex 2019/10/25 v1.7 ifvtex legacy package. Use iftex instead.

(/usr/share/texmf-dist/tex/generic/iftex/iftex.sty
Package: iftex 2020/03/06 v1.0d TeX engine tests
))
\Gm@cnth=\count187
\Gm@cntv=\count188
\c@Gm@tempcnt=\count189
\Gm@bindingoffset=\dimen139
\Gm@wd@mp=\dimen140
\Gm@odd@mp=\dimen141
\Gm@even@mp=\dimen142
\Gm@layoutwidth=\dimen143
\Gm@layoutheight=\dimen144
\Gm@layouthoffset=\dimen145
\Gm@layoutvoffset=\dimen146
\Gm@dimlist=\toks16
)
(/usr/share/texmf-dist/tex/latex/psnfss/palatino.sty
Package: palatino 2020/03/25 PSNFSS-v9.3 (SPQR) 
)
(/usr/share/texmf-dist/tex/latex/hyperref/hyperref.sty
Package: hyperref 2021-02-27 v7.00k Hypertext links for LaTeX

(/usr/share/texmf-dist/tex/generic/ltxcmds/ltxcmds.sty
Package: ltxcmds 2020-05-10 v1.25 LaTeX kernel commands for general use (HO)
)
(/usr/share/texmf-dist/tex/generic/pdftexcmds/pdftexcmds.sty
Package: pdftexcmds 2020-06-27 v0.33 Utility functions of pdfTeX for LuaTeX (HO
)

(/usr/share/texmf-dist/tex/generic/infwarerr/infwarerr.sty
Package: infwarerr 2019/12/03 v1.5 Providing info/warning/error messages (HO)
)
Package pdftexcmds Info: \pdf@primitive is available.
Package pdftexcmds Info: \pdf@ifprimitive is available.
Package pdftexcmds Info: \pdfdraftmode found.
)
(/usr/share/texmf-dist/tex/generic/kvsetkeys/kvsetkeys.sty
Package: kvsetkeys 2019/12/15 v1.18 Key value parser (HO)
)
(/usr/share/texmf-dist/tex/generic/kvdefinekeys/kvdefinekeys.sty
Package: kvdefinekeys 2019-12-19 v1.6 Define keys (HO)
)
(/usr/share/texmf-dist/tex/generic/pdfescape/pdfescape.sty
Package: pdfescape 2019/12/09 v1.15 Implements pdfTeX's escape features (HO)
)
(/usr/share/texmf-dist/tex/latex/hycolor/hycolor.sty
Package: hycolor 2020-01-27 v1.10 Color options for hyperref/bookmark (HO)
)
(/usr/share/texmf-dist/tex/latex/letltxmacro/letltxmacro.sty
Package: letltxmacro 2019/12/03 v1.6 Let assignment for LaTeX macros (HO)
)
(/usr/share/texmf-dist/tex/latex/auxhook/auxhook.sty
Package: auxhook 2019-12-17 v1.6 Hooks for auxiliary files (HO)
)
(/usr/share/texmf-dist/tex/latex/kvoptions/kvoptions.sty
Package: kvoptions 2020-10-07 v3.14 Key value format for package options (HO)
)
\@linkdim=\dimen147
\Hy@linkcounter=\count190
\Hy@pagecounter=\count191

(/usr/share/texmf-dist/tex/latex/hyperref/pd1enc.def
File: pd1enc.def 2021-02-27 v7.00k Hyperref: PDFDocEncoding definition (HO)
Now handling font encoding PD1 ...
... no UTF-8 mapping file for font encoding PD1
)
(/usr/share/texmf-dist/tex/latex/hyperref/hyperref-langpatches.def
File: hyperref-langpatches.def 2021-02-27 v7.00k Hyperref: patches for babel la
nguages
)
(/usr/share/texmf-dist/tex/generic/intcalc/intcalc.sty
Package: intcalc 2019/12/15 v1.3 Expandable calculations with integers (HO)
)
(/usr/share/texmf-dist/tex/generic/etexcmds/etexcmds.sty
Package: etexcmds 2019/12/15 v1.7 Avoid name clashes with e-TeX commands (HO)
)
\Hy@SavedSpaceFactor=\count192

(/usr/share/texmf-dist/tex/latex/hyperref/puenc.def
File: puenc.def 2021-02-27 v7.00k Hyperref: PDF Unicode definition (HO)
Now handling font encoding PU ...
... no UTF-8 mapping file for font encoding PU
)
Package hyperref Info: Option `colorlinks' set `true' on input line 4073.
Package hyperref Info: Hyper figures OFF on input line 4192.
Package hyperref Info: Link nesting OFF on input line 4197.
Package hyperref Info: Hyper index ON on input line 4200.
Package hyperref Info: Plain pages OFF on input line 4207.
Package hyperref Info: Backreferencing OFF on input line 4212.
Package hyperref Info: Implicit mode ON; LaTeX internals redefined.
Package hyperref Info: Bookmarks ON on input line 4445.
\c@Hy@tempcnt=\count193

(/usr/share/texmf-dist/tex/latex/url/url.sty
\Urlmuskip=\muskip16
Package: url 2013/09/16  ver 3.4  Verb mode for urls, etc.
)
LaTeX Info: Redefining \url on input line 4804.
\XeTeXLinkMargin=\dimen148

(/usr/share/texmf-dist/tex/generic/bitset/bitset.sty
Package: bitset 2019/12/09 v1.3 Handle bit-vector datatype (HO)

(/usr/share/texmf-dist/tex/generic/bigintcalc/bigintcalc.sty
Package: bigintcalc 2019/12/15 v1.5 Expandable calculations on big integers (HO
)
))
\Fld@menulength=\count194
\Field@Width=\dimen149
\Fld@charsize=\dimen150
Package hyperref Info: Hyper figures OFF on input line 6075.
Package hyperref Info: Link nesting OFF on input line 6080.
Package hyperref Info: Hyper index ON on input line 6083.
Package hyperref Info: backreferencing OFF on input line 6090.
Package hyperref Info: Link coloring ON on input line 6093.
Package hyperref Info: Link coloring with OCG OFF on input line 6100.
Package hyperref Info: PDF/A mode OFF on input line 6105.
LaTeX Info: Redefining \ref on input line 6145.
LaTeX Info: Redefining \pageref on input line 6149.

(/usr/share/texmf-dist/tex/latex/base/atbegshi-ltx.sty
Package: atbegshi-ltx 2020/08/17 v1.0a Emulation of the original atbegshi packa
ge
with kernel methods
)
\Hy@abspage=\count195
\c@Item=\count196
\c@Hfootnote=\count197
)
Package hyperref Info: Driver (autodetected): hpdftex.

(/usr/share/texmf-dist/tex/latex/hyperref/hpdftex.def
File: hpdftex.def 2021-02-27 v7.00k Hyperref driver for pdfTeX

(/usr/share/texmf-dist/tex/latex/base/atveryend-ltx.sty
Package: atveryend-ltx 2020/08/19 v1.0a Emulation of the original atvery packag
e
with kernel methods
)
\Fld@listcount=\count198
\c@bookmark@seq@number=\count199

(/usr/share/texmf-dist/tex/latex/rerunfilecheck/rerunfilecheck.sty
Package: rerunfilecheck 2019/12/05 v1.9 Rerun checks for auxiliary files (HO)

(/usr/share/texmf-dist/tex/generic/uniquecounter/uniquecounter.sty
Package: uniquecounter 2019/12/15 v1.4 Provide unlimited unique counter (HO)
)
Package uniquecounter Info: New unique counter `rerunfilecheck' on input line 2
86.
)
\Hy@SectionHShift=\skip49
)
(/usr/share/texmf-dist/tex/latex/graphics/graphicx.sty
Package: graphicx 2020/09/09 v1.2b Enhanced LaTeX Graphics (DPC,SPQR)

(/usr/share/texmf-dist/tex/latex/graphics/graphics.sty
Package: graphics 2020/08/30 v1.4c Standard LaTeX Graphics (DPC,SPQR)

(/usr/share/texmf-dist/tex/latex/graphics/trig.sty
Package: trig 2016/01/03 v1.10 sin cos tan (DPC)
)
(/usr/share/texmf-dist/tex/latex/graphics-cfg/graphics.cfg
File: graphics.cfg 2016/06/04 v1.11 sample graphics configuration
)
Package graphics Info: Driver file: pdftex.def on input line 105.

(/usr/share/texmf-dist/tex/latex/graphics-def/pdftex.def
File: pdftex.def 2020/10/05 v1.2a Graphics/color driver for pdftex
))
\Gin@req@height=\dimen151
\Gin@req@width=\dimen152
) (./cp2021t.sty
(/usr/share/texmf-dist/tex/latex/base/fleqn.sty

LaTeX Warning: inputting `fleqn.clo' instead of obsolete `fleqn.sty'.

(/usr/share/texmf-dist/tex/latex/base/fleqn.clo
File: fleqn.clo 2016/12/29 v1.2b Standard LaTeX option (flush left equations)
\mathindent=\skip50
Applying: [2015/01/01] Make \[ robust on input line 50.
LaTeX Info: Redefining \[ on input line 51.
Already applied: [0000/00/00] Make \[ robust on input line 62.
Applying: [2015/01/01] Make \] robust on input line 74.
LaTeX Info: Redefining \] on input line 75.
Already applied: [0000/00/00] Make \] robust on input line 83.
))
(/usr/share/texmf-dist/tex/generic/babel/babel.sty
Package: babel 2021/03/24 3.56 The Babel package

(/usr/share/texmf-dist/tex/generic/babel/babel.def
File: babel.def 2021/03/24 3.56 Babel common definitions
\babel@savecnt=\count266
\U@D=\dimen153
\l@babelnohyphens=\language87

(/usr/share/texmf-dist/tex/generic/babel/txtbabel.def)
\bbl@readstream=\read2
)
\bbl@dirlevel=\count267

(/usr/share/texmf-dist/tex/generic/babel-portuges/portuguese.ldf
Language: portuges 2021/02/04 v1.2s Portuguese support from the babel system
Package babel Info: Making " an active character on input line 143.
))
(/usr/share/texmf-dist/tex/latex/base/inputenc.sty
Package: inputenc 2020/08/01 v1.3d Input encoding file
\inpenc@prehook=\toks17
\inpenc@posthook=\toks18
)
\c@teste=\count268
\c@propriedade=\count269

(/usr/share/texmf-dist/tex/latex/fancyvrb/fancyvrb.sty
Package: fancyvrb 2021/01/20 v3.7 verbatim text (tvz,hv)
\FV@CodeLineNo=\count270
\FV@InFile=\read3
\FV@TabBox=\box47
\c@FancyVerbLine=\count271
\FV@StepNumber=\count272
\FV@OutFile=\write3
)
(/usr/share/texmf-dist/tex/generic/xypic/xy.sty
(/usr/share/texmf-dist/tex/generic/xypic/xy.tex Bootstrap'ing: catcodes,
docmode, (/usr/share/texmf-dist/tex/generic/xypic/xyrecat.tex)
(/usr/share/texmf-dist/tex/generic/xypic/xyidioms.tex)

 Xy-pic version 3.8.9 <2013/10/06>
 Copyright (c) 1991-2013 by Kristoffer H. Rose <krisrose@tug.org> and others
 Xy-pic is free software: see the User's Guide for details.

Loading kernel: messages; fonts; allocations: state,
\X@c=\dimen154
\Y@c=\dimen155
\U@c=\dimen156
\D@c=\dimen157
\L@c=\dimen158
\R@c=\dimen159
\Edge@c=\toks19
\X@p=\dimen160
\Y@p=\dimen161
\U@p=\dimen162
\D@p=\dimen163
\L@p=\dimen164
\R@p=\dimen165
\Edge@p=\toks20
\X@origin=\dimen166
\Y@origin=\dimen167
\X@xbase=\dimen168
\Y@xbase=\dimen169
\X@ybase=\dimen170
\Y@ybase=\dimen171
\X@min=\dimen172
\Y@min=\dimen173
\X@max=\dimen174
\Y@max=\dimen175
\lastobjectbox@=\box48
\zerodotbox@=\box49
\almostz@=\dimen176
 direction,
\d@X=\dimen177
\d@Y=\dimen178
\K@=\count273
\KK@=\count274
\Direction=\count275
\K@dXdY=\dimen179
\K@dYdX=\dimen180
\xyread@=\read4
\xywrite@=\write4
\csp@=\count276
\quotPTK@=\dimen181

utility macros; pictures: \xy, positions,
\swaptoks@@=\toks21
\connectobjectbox@@=\box50
 objects,
\styletoks@=\toks22
 decorations;
kernel objects: directionals, circles, text; options; algorithms: directions,
edges, connections;  Xy-pic loaded)
(/usr/share/texmf-dist/tex/generic/iftex/ifpdf.sty
Package: ifpdf 2019/10/25 v3.4 ifpdf legacy package. Use iftex instead.
)
Package: xy 2013/10/06 Xy-pic version 3.8.9

(/usr/share/texmf-dist/tex/generic/xypic/xyall.tex
 Xy-pic option: All features v.3.8
(/usr/share/texmf-dist/tex/generic/xypic/xycurve.tex
 Xy-pic option: Curve and Spline extension v.3.12 curve,
\crv@cnt@=\count277
\crvpts@=\toks23
\splinebox@=\box51
\splineval@=\dimen182
\splinedepth@=\dimen183
\splinetol@=\dimen184
\splinelength@=\dimen185
 circles,
\L@=\dimen186
 loaded)
(/usr/share/texmf-dist/tex/generic/xypic/xyframe.tex
 Xy-pic option: Frame and Bracket extension v.3.14 loaded)
(/usr/share/texmf-dist/tex/generic/xypic/xycmtip.tex
 Xy-pic option: Computer Modern tip extension v.3.7
(/usr/share/texmf-dist/tex/generic/xypic/xytips.tex
 Xy-pic option: More Tips extension v.3.11 loaded) loaded)
(/usr/share/texmf-dist/tex/generic/xypic/xyline.tex
 Xy-pic option: Line styles extension v.3.10
\xylinethick@=\dimen187
 loaded)
(/usr/share/texmf-dist/tex/generic/xypic/xyrotate.tex
 Xy-pic option: Rotate and Scale extension v.3.8 loaded)
(/usr/share/texmf-dist/tex/generic/xypic/xycolor.tex
 Xy-pic option: Colour extension v.3.11 loaded)
(/usr/share/texmf-dist/tex/generic/xypic/xymatrix.tex
 Xy-pic option: Matrix feature v.3.14
\Row=\count278
\Col=\count279
\queue@=\toks24
\queue@@=\toks25
\qcount@=\count280
\qcount@@=\count281
\matrixsize@=\count282
 loaded)
(/usr/share/texmf-dist/tex/generic/xypic/xyarrow.tex
 Xy-pic option: Arrow and Path feature v.3.9 path, \ar, loaded)
(/usr/share/texmf-dist/tex/generic/xypic/xygraph.tex
 Xy-pic option: Graph feature v.3.11 loaded) loaded)
(/usr/share/texmf-dist/tex/generic/xypic/xypdf.tex
 Xy-pic option: PDF driver v.1.9 Xy-pic pdf driver: `color' extension support
(/usr/share/texmf-dist/tex/generic/xypic/xypdf-co.tex loaded)
Xy-pic pdf driver: `curve' extension support
(/usr/share/texmf-dist/tex/generic/xypic/xypdf-cu.tex loaded)
Xy-pic pdf driver: `frame' extension support
(/usr/share/texmf-dist/tex/generic/xypic/xypdf-fr.tex loaded)
Xy-pic pdf driver: `line' extension support
(/usr/share/texmf-dist/tex/generic/xypic/xypdf-li.tex loaded)
Xy-pic pdf driver: `rotate' extension support
(/usr/share/texmf-dist/tex/generic/xypic/xypdf-ro.tex loaded) loaded))
(/usr/share/texmf-dist/tex/latex/base/makeidx.sty
Package: makeidx 2014/09/29 v1.0m Standard LaTeX package
)
\pn=\count283
)
(/usr/share/texmf-dist/tex/latex/caption/subcaption.sty
Package: subcaption 2020/10/07 v1.3j Sub-captions (AR)

(/usr/share/texmf-dist/tex/latex/caption/caption.sty
Package: caption 2020/10/26 v3.5g Customizing captions (AR)

(/usr/share/texmf-dist/tex/latex/caption/caption3.sty
Package: caption3 2020/10/21 v2.2e caption3 kernel (AR)
\captionmargin=\dimen188
\captionmargin@=\dimen189
\captionwidth=\dimen190
\caption@tempdima=\dimen191
\caption@indent=\dimen192
\caption@parindent=\dimen193
\caption@hangindent=\dimen194
Package caption Info: Standard document class detected.
)
\c@caption@flags=\count284
\c@continuedfloat=\count285
Package caption Info: hyperref package is loaded.
)
\c@subfigure=\count286
\c@subtable=\count287
)
(/usr/share/texmf-dist/tex/latex/adjustbox/adjustbox.sty
Package: adjustbox 2020/08/19 v1.3 Adjusting TeX boxes (trim, clip, ...)

(/usr/share/texmf-dist/tex/latex/xkeyval/xkeyval.sty
Package: xkeyval 2020/11/20 v2.8 package option processing (HA)

(/usr/share/texmf-dist/tex/generic/xkeyval/xkeyval.tex
(/usr/share/texmf-dist/tex/generic/xkeyval/xkvutils.tex
\XKV@toks=\toks26
\XKV@tempa@toks=\toks27
)
\XKV@depth=\count288
File: xkeyval.tex 2014/12/03 v2.7a key=value parser (HA)
))
(/usr/share/texmf-dist/tex/latex/adjustbox/adjcalc.sty
Package: adjcalc 2012/05/16 v1.1 Provides advanced setlength with multiple back
-ends (calc, etex, pgfmath)
)
(/usr/share/texmf-dist/tex/latex/adjustbox/trimclip.sty
Package: trimclip 2020/08/19 v1.2 Trim and clip general TeX material

(/usr/share/texmf-dist/tex/latex/collectbox/collectbox.sty
Package: collectbox 2012/05/17 v0.4b Collect macro arguments as boxes
\collectedbox=\box52
)
\tc@llx=\dimen195
\tc@lly=\dimen196
\tc@urx=\dimen197
\tc@ury=\dimen198
Package trimclip Info: Using driver 'tc-pdftex.def'.

(/usr/share/texmf-dist/tex/latex/adjustbox/tc-pdftex.def
File: tc-pdftex.def 2019/01/04 v2.2 Clipping driver for pdftex
))
\adjbox@Width=\dimen199
\adjbox@Height=\dimen256
\adjbox@Depth=\dimen257
\adjbox@Totalheight=\dimen258
\adjbox@pwidth=\dimen259
\adjbox@pheight=\dimen260
\adjbox@pdepth=\dimen261
\adjbox@ptotalheight=\dimen262

(/usr/share/texmf-dist/tex/latex/ifoddpage/ifoddpage.sty
Package: ifoddpage 2016/04/23 v1.1 Conditionals for odd/even page detection
\c@checkoddpage=\count289
)
(/usr/share/texmf-dist/tex/latex/varwidth/varwidth.sty
Package: varwidth 2009/03/30 ver 0.92;  Variable-width minipages
\@vwid@box=\box53
\sift@deathcycles=\count290
\@vwid@loff=\dimen263
\@vwid@roff=\dimen264
))
(/usr/share/texmf-dist/tex/latex/graphics/color.sty
Package: color 2020/02/24 v1.2b Standard LaTeX Color (DPC)

(/usr/share/texmf-dist/tex/latex/graphics-cfg/color.cfg
File: color.cfg 2016/01/02 v1.6 sample color configuration
)
Package color Info: Driver file: pdftex.def on input line 147.
)
Package color Info: Redefining color red on input line 10.
Package color Info: Redefining color blue on input line 11.

(/usr/share/texmf-dist/tex/latex/amsmath/amstext.sty
Package: amstext 2000/06/29 v2.01 AMS text

(/usr/share/texmf-dist/tex/latex/amsmath/amsgen.sty
File: amsgen.sty 1999/11/30 v2.0 generic functions
\@emptytoks=\toks28
\ex@=\dimen265
))
(/usr/share/texmf-dist/tex/latex/amsfonts/amssymb.sty
Package: amssymb 2013/01/14 v3.01 AMS font symbols

(/usr/share/texmf-dist/tex/latex/amsfonts/amsfonts.sty
Package: amsfonts 2013/01/14 v3.01 Basic AMSFonts support
\symAMSa=\mathgroup4
\symAMSb=\mathgroup5
LaTeX Font Info:    Redeclaring math symbol \hbar on input line 98.
LaTeX Font Info:    Overwriting math alphabet `\mathfrak' in version `bold'
(Font)                  U/euf/m/n --> U/euf/b/n on input line 106.
))
(/usr/share/texmf-dist/tex/latex/stmaryrd/stmaryrd.sty
Package: stmaryrd 1994/03/03 St Mary's Road symbol package
\symstmry=\mathgroup6
LaTeX Font Info:    Overwriting symbol font `stmry' in version `bold'
(Font)                  U/stmry/m/n --> U/stmry/b/n on input line 89.
)
(/usr/share/texmf-dist/tex/latex/polytable/polytable.sty
Package: polytable 2020/07/14 v0.8.6 `polytable' package (Andres Loeh)

(/usr/share/texmf-dist/tex/latex/lazylist/lazylist.sty)
(/usr/share/texmf-dist/tex/latex/tools/array.sty
Package: array 2020/10/01 v2.5c Tabular extension package (FMi)
\col@sep=\dimen266
\ar@mcellbox=\box54
\extrarowheight=\dimen267
\NC@list=\toks29
\extratabsurround=\skip51
\backup@length=\skip52
\ar@cellbox=\box55
)
\PT@colwidth=\dimen268
\PT@cols=\count291
\PT@table=\count292
\PT@toks=\toks30
\PT@in=\read5
\PT@out=\write5
)
\blanklineskip=\skip53

(/usr/share/texmf-dist/tex/latex/tools/calc.sty
Package: calc 2017/05/25 v4.3 Infix arithmetic (KKT,FJ)
\calc@Acount=\count293
\calc@Bcount=\count294
\calc@Adimen=\dimen269
\calc@Bdimen=\dimen270
\calc@Askip=\skip54
\calc@Bskip=\skip55
LaTeX Info: Redefining \setlength on input line 80.
LaTeX Info: Redefining \addtolength on input line 81.
\calc@Ccount=\count295
\calc@Cskip=\skip56
)
\@indexfile=\write6
\openout6 = `cp2021t.idx'.


Writing index file cp2021t.idx
LaTeX Font Info:    Trying to load font information for OT1+ppl on input line 3
02.
(/usr/share/texmf-dist/tex/latex/psnfss/ot1ppl.fd
File: ot1ppl.fd 2001/06/04 font definitions for OT1/ppl.
)
(/usr/share/texmf-dist/tex/latex/l3backend/l3backend-pdftex.def
File: l3backend-pdftex.def 2021-03-18 L3 backend support: PDF output (pdfTeX)
\l__color_backend_stack_int=\count296
\l__pdf_internal_box=\box56
) (./cp2021t.aux)
\openout1 = `cp2021t.aux'.

LaTeX Font Info:    Checking defaults for OML/cmm/m/it on input line 302.
LaTeX Font Info:    ... okay on input line 302.
LaTeX Font Info:    Checking defaults for OMS/cmsy/m/n on input line 302.
LaTeX Font Info:    ... okay on input line 302.
LaTeX Font Info:    Checking defaults for OT1/cmr/m/n on input line 302.
LaTeX Font Info:    ... okay on input line 302.
LaTeX Font Info:    Checking defaults for T1/cmr/m/n on input line 302.
LaTeX Font Info:    ... okay on input line 302.
LaTeX Font Info:    Checking defaults for TS1/cmr/m/n on input line 302.
LaTeX Font Info:    ... okay on input line 302.
LaTeX Font Info:    Checking defaults for OMX/cmex/m/n on input line 302.
LaTeX Font Info:    ... okay on input line 302.
LaTeX Font Info:    Checking defaults for U/cmr/m/n on input line 302.
LaTeX Font Info:    ... okay on input line 302.
LaTeX Font Info:    Checking defaults for PD1/pdf/m/n on input line 302.
LaTeX Font Info:    ... okay on input line 302.
LaTeX Font Info:    Checking defaults for PU/pdf/m/n on input line 302.
LaTeX Font Info:    ... okay on input line 302.

*geometry* driver: auto-detecting
*geometry* detected driver: pdftex
*geometry* verbose mode - [ preamble ] result:
* driver: pdftex
* paper: a4paper
* layout: <same size as paper>
* layoutoffset:(h,v)=(0.0pt,0.0pt)
* modes: 
* h-part:(L,W,R)=(85.35826pt, 455.24411pt, 56.9055pt)
* v-part:(T,H,B)=(71.13188pt, 702.78308pt, 71.13188pt)
* \paperwidth=597.50787pt
* \paperheight=845.04684pt
* \textwidth=455.24411pt
* \textheight=702.78308pt
* \oddsidemargin=13.08827pt
* \evensidemargin=13.08827pt
* \topmargin=-38.1381pt
* \headheight=12.0pt
* \headsep=25.0pt
* \topskip=10.0pt
* \footskip=30.0pt
* \marginparwidth=57.0pt
* \marginparsep=11.0pt
* \columnsep=10.0pt
* \skip\footins=9.0pt plus 4.0pt minus 2.0pt
* \hoffset=0.0pt
* \voffset=0.0pt
* \mag=1000
* \@twocolumnfalse
* \@twosidefalse
* \@mparswitchfalse
* \@reversemarginfalse
* (1in=72.27pt=25.4mm, 1cm=28.453pt)

Package hyperref Info: Link coloring ON on input line 302.
(/usr/share/texmf-dist/tex/latex/hyperref/nameref.sty
Package: nameref 2021-04-02 v2.47 Cross-referencing by name of section

(/usr/share/texmf-dist/tex/latex/refcount/refcount.sty
Package: refcount 2019/12/15 v3.6 Data extraction from label references (HO)
)
(/usr/share/texmf-dist/tex/generic/gettitlestring/gettitlestring.sty
Package: gettitlestring 2019/12/15 v1.6 Cleanup title references (HO)
)
\c@section@level=\count297
)
LaTeX Info: Redefining \ref on input line 302.
LaTeX Info: Redefining \pageref on input line 302.
LaTeX Info: Redefining \nameref on input line 302.

(./cp2021t.out) (./cp2021t.out)
\@outlinefile=\write7
\openout7 = `cp2021t.out'.


(/usr/share/texmf-dist/tex/context/base/mkii/supp-pdf.mkii
[Loading MPS to PDF converter (version 2006.09.02).]
\scratchcounter=\count298
\scratchdimen=\dimen271
\scratchbox=\box57
\nofMPsegments=\count299
\nofMParguments=\count300
\everyMPshowfont=\toks31
\MPscratchCnt=\count301
\MPscratchDim=\dimen272
\MPnumerator=\count302
\makeMPintoPDFobject=\count303
\everyMPtoPDFconversion=\toks32
) (/usr/share/texmf-dist/tex/latex/epstopdf-pkg/epstopdf-base.sty
Package: epstopdf-base 2020-01-24 v2.11 Base part for package epstopdf
Package epstopdf-base Info: Redefining graphics rule for `.eps' on input line 4
85.

(/usr/share/texmf-dist/tex/latex/latexconfig/epstopdf-sys.cfg
File: epstopdf-sys.cfg 2010/07/13 v1.3 Configuration of (r)epstopdf for TeX Liv
e
))
LaTeX Font Info:    Trying to load font information for U+msa on input line 302
.

(/usr/share/texmf-dist/tex/latex/amsfonts/umsa.fd
File: umsa.fd 2013/01/14 v3.01 AMS symbols A
)
LaTeX Font Info:    Trying to load font information for U+msb on input line 302
.

(/usr/share/texmf-dist/tex/latex/amsfonts/umsb.fd
File: umsb.fd 2013/01/14 v3.01 AMS symbols B
)
LaTeX Font Info:    Trying to load font information for U+stmry on input line 3
02.

(/usr/share/texmf-dist/tex/latex/stmaryrd/Ustmry.fd)
Package xypdf Info: Line width: 0.39998pt on input line 302.
Package caption Info: Begin \AtBeginDocument code.
Package caption Info: End \AtBeginDocument code.
LaTeX Font Info:    Trying to load font information for OT1+pcr on input line 3
48.

(/usr/share/texmf-dist/tex/latex/psnfss/ot1pcr.fd
File: ot1pcr.fd 2001/06/04 font definitions for OT1/pcr.
) [1

{/var/lib/texmf/fonts/map/pdftex/updmap/pdftex.map}]
LaTeX Font Info:    Trying to load font information for TS1+ppl on input line 4
29.
 (/usr/share/texmf-dist/tex/latex/psnfss/ts1ppl.fd
File: ts1ppl.fd 2001/06/04 font definitions for TS1/ppl.
)
[2]
\openout5 = `cp2021t.ptb'.

\openout5 = `cp2021t.ptb'.

\openout5 = `cp2021t.ptb'.

\openout5 = `cp2021t.ptb'.


Overfull \hbox (6.3199pt too wide) in paragraph at lines 560--563
[]$[]$ \OT1/ppl/m/it/10 e $[]$ s~ao tes-te-mu-nhas de um iso-mor-fismo, isto ^^
Se, $[] []
 []

\openout5 = `cp2021t.ptb'.

[3]
\openout5 = `cp2021t.ptb'.

\openout5 = `cp2021t.ptb'.

\openout5 = `cp2021t.ptb'.

\openout5 = `cp2021t.ptb'.

 [4]
\openout5 = `cp2021t.ptb'.

\openout5 = `cp2021t.ptb'.

\openout5 = `cp2021t.ptb'.



Package hyperref Warning: Suppressing link with empty target on input line 764.



Package hyperref Warning: Suppressing link with empty target on input line 764.


LaTeX Font Info:    Trying to load font information for OT1+phv on input line 7
71.
(/usr/share/texmf-dist/tex/latex/psnfss/ot1phv.fd
File: ot1phv.fd 2020/03/25 scalable font definitions for OT1/phv.
)
\openout5 = `cp2021t.ptb'.

\openout5 = `cp2021t.ptb'.

 [5]
\openout5 = `cp2021t.ptb'.

\openout5 = `cp2021t.ptb'.

\openout5 = `cp2021t.ptb'.

\openout5 = `cp2021t.ptb'.

<cp2021t_media/Bezier_curves.png, id=145, 433.62pt x 180.675pt>
File: cp2021t_media/Bezier_curves.png Graphic file (type png)
<use cp2021t_media/Bezier_curves.png>
Package pdftex.def Info: cp2021t_media/Bezier_curves.png  used on input line 88
0.
(pdftex.def)             Requested size: 364.19667pt x 151.75493pt.


LaTeX Warning: `!h' float specifier changed to `!ht'.

\openout5 = `cp2021t.ptb'.

[6]
\openout5 = `cp2021t.ptb'.

\openout5 = `cp2021t.ptb'.

\openout5 = `cp2021t.ptb'.

\openout5 = `cp2021t.ptb'.

\openout5 = `cp2021t.ptb'.

\openout5 = `cp2021t.ptb'.

\openout5 = `cp2021t.ptb'.

 [7 <./cp2021t_media/Bezier_curves.png (PNG copy)>]
\openout5 = `cp2021t.ptb'.


! Missing $ inserted.
<inserted text> 
                $
l.1062 \end{hscode}
                   \resethooks
? 
! Extra }, or forgotten $.
\mbox  #1->\leavevmode \hbox {#1}
                                 
l.1062 \end{hscode}
                   \resethooks
? 
! Missing } inserted.
<inserted text> 
                }
l.1062 \end{hscode}
                   \resethooks
? 
! Missing $ inserted.
<inserted text> 
                $
l.1062 \end{hscode}
                   \resethooks
? 
! Missing $ inserted.
<inserted text> 
                $
l.1062 \end{hscode}
                   \resethooks
? 
! Extra }, or forgotten $.
\mbox  #1->\leavevmode \hbox {#1}
                                 
l.1062 \end{hscode}
                   \resethooks
? 
! Missing } inserted.
<inserted text> 
                }
l.1062 \end{hscode}
                   \resethooks
? 
! Missing $ inserted.
<inserted text> 
                $
l.1062 \end{hscode}
                   \resethooks
? 
! Missing $ inserted.
<inserted text> 
                $
l.1062 \end{hscode}
                   \resethooks
? 
! Extra }, or forgotten $.
\mbox  #1->\leavevmode \hbox {#1}
                                 
l.1062 \end{hscode}
                   \resethooks
? 
! Missing } inserted.
<inserted text> 
                }
l.1062 \end{hscode}
                   \resethooks
? 
! Missing $ inserted.
<inserted text> 
                $
l.1062 \end{hscode}
                   \resethooks
? 
! Missing $ inserted.
<inserted text> 
                $
l.1062 \end{hscode}
                   \resethooks
? 
! Extra }, or forgotten $.
\mbox  #1->\leavevmode \hbox {#1}
                                 
l.1062 \end{hscode}
                   \resethooks
? 
! Missing } inserted.
<inserted text> 
                }
l.1062 \end{hscode}
                   \resethooks
? 
! Missing $ inserted.
<inserted text> 
                $
l.1062 \end{hscode}
                   \resethooks
? 
! Missing $ inserted.
<inserted text> 
                $
l.1062 \end{hscode}
                   \resethooks
? 
! Extra }, or forgotten $.
\mbox  #1->\leavevmode \hbox {#1}
                                 
l.1062 \end{hscode}
                   \resethooks
? 
! Missing } inserted.
<inserted text> 
                }
l.1062 \end{hscode}
                   \resethooks
? 
! Missing $ inserted.
<inserted text> 
                $
l.1062 \end{hscode}
                   \resethooks
? 
! Missing $ inserted.
<inserted text> 
                $
l.1062 \end{hscode}
                   \resethooks
? 
! Extra }, or forgotten $.
\mbox  #1->\leavevmode \hbox {#1}
                                 
l.1062 \end{hscode}
                   \resethooks
? 
! Missing } inserted.
<inserted text> 
                }
l.1062 \end{hscode}
                   \resethooks
? 
! Missing $ inserted.
<inserted text> 
                $
l.1062 \end{hscode}
                   \resethooks
? 
[8] <xymatrix 2x2 191>

Package hyperref Warning: Suppressing link with empty target on input line 1114
.


Package hyperref Warning: Suppressing link with empty target on input line 1115
.

\openout5 = `cp2021t.ptb'.

\openout5 = `cp2021t.ptb'.

\openout5 = `cp2021t.ptb'.

[9]
\openout5 = `cp2021t.ptb'.

\openout5 = `cp2021t.ptb'.

\openout5 = `cp2021t.ptb'.

\openout5 = `cp2021t.ptb'.

\openout5 = `cp2021t.ptb'.

\openout5 = `cp2021t.ptb'.

 [10]
\openout5 = `cp2021t.ptb'.

\openout5 = `cp2021t.ptb'.

\openout5 = `cp2021t.ptb'.

\openout5 = `cp2021t.ptb'.

 [11]
\openout5 = `cp2021t.ptb'.


Overfull \hbox (8.57883pt too wide) in paragraph at lines 1432--1481
 [][] 
 []


Overfull \hbox (8.57883pt too wide) in paragraph at lines 1432--1481
 [][][][] 
 []


Overfull \hbox (8.57883pt too wide) in paragraph at lines 1432--1481
 [][] 
 []


Overfull \hbox (8.57883pt too wide) in paragraph at lines 1432--1481
 [][][][] 
 []


Overfull \hbox (8.57883pt too wide) in paragraph at lines 1432--1481
 [][] 
 []


Overfull \hbox (8.57883pt too wide) in paragraph at lines 1432--1481
 [][][][] 
 []


Overfull \hbox (8.57883pt too wide) in paragraph at lines 1432--1481
 [][][][] 
 []


Overfull \hbox (8.57883pt too wide) in paragraph at lines 1432--1481
 [][][][][][] 
 []


Overfull \hbox (8.57883pt too wide) in paragraph at lines 1432--1481
 [][][][][][] 
 []


Overfull \hbox (8.57883pt too wide) in paragraph at lines 1432--1481
 [][][][][][] 
 []


Overfull \hbox (8.57883pt too wide) in paragraph at lines 1432--1481
 [][][][][][] 
 []


Overfull \hbox (8.57883pt too wide) in paragraph at lines 1432--1481
 [][][][] 
 []


Overfull \hbox (8.57883pt too wide) in paragraph at lines 1432--1481
 [][] 
 []


Overfull \hbox (8.57883pt too wide) in paragraph at lines 1432--1481
 [][] 
 []


Overfull \hbox (8.57883pt too wide) in paragraph at lines 1432--1481
 [][] 
 []

\openout5 = `cp2021t.ptb'.

\openout5 = `cp2021t.ptb'.

[12]
\openout5 = `cp2021t.ptb'.

\openout5 = `cp2021t.ptb'.

\openout5 = `cp2021t.ptb'.

 <xymatrix 2x2 191>
Overfull \hbox (15.35515pt too wide) in alignment at lines 1614--1628
 [][][] []
 []

\openout5 = `cp2021t.ptb'.

[13]
\openout5 = `cp2021t.ptb'.

 <xymatrix 2x2 191>
\openout5 = `cp2021t.ptb'.


Overfull \hbox (20.2771pt too wide) in paragraph at lines 1683--1719
 [][] 
 []


Overfull \hbox (20.2771pt too wide) in paragraph at lines 1683--1719
 [][][][] 
 []


Overfull \hbox (20.2771pt too wide) in paragraph at lines 1683--1719
 [][][][] 
 []


Overfull \hbox (20.2771pt too wide) in paragraph at lines 1683--1719
 [][][][][][][][] 
 []


Overfull \hbox (20.2771pt too wide) in paragraph at lines 1683--1719
 [][] 
 []


Overfull \hbox (20.2771pt too wide) in paragraph at lines 1683--1719
 [][] 
 []


Overfull \hbox (20.2771pt too wide) in paragraph at lines 1683--1719
 [][] 
 []


Overfull \hbox (20.2771pt too wide) in paragraph at lines 1683--1719
 [][] 
 []


Overfull \hbox (20.2771pt too wide) in paragraph at lines 1683--1719
 [][][][] 
 []


Overfull \hbox (20.2771pt too wide) in paragraph at lines 1683--1719
 [][] 
 []


Overfull \hbox (20.2771pt too wide) in paragraph at lines 1683--1719
 [][] 
 []

<xymatrix 2x2
! Dimension too large.
<recently read> \dimen@ 
                        
l.1734 }
        
? 
! Dimension too large.
<recently read> \dimen@ 
                        
l.1734 }
        
? 
191>
Overfull \hbox (44.29028pt too wide) in alignment at lines 1721--1735
 [][][] []
 []

\openout5 = `cp2021t.ptb'.

[14] <xymatrix 2x2 191>
Overfull \hbox (3.45674pt too wide) in alignment at lines 1767--1781
 [][][] []
 []

\openout5 = `cp2021t.ptb'.

\openout5 = `cp2021t.ptb'.

\openout5 = `cp2021t.ptb'.


Overfull \hbox (17.53401pt too wide) in alignment at lines 1826--1828
 [][][] []
 []

[15]
\openout5 = `cp2021t.ptb'.

\openout5 = `cp2021t.ptb'.

 <xymatrix 2x2 191>
\openout5 = `cp2021t.ptb'.

 <xymatrix 2x2 191> <xymatrix 2x2 191> [16]
\openout5 = `cp2021t.ptb'.

\openout5 = `cp2021t.ptb'.

 <xymatrix
2x2 191>
\openout5 = `cp2021t.ptb'.

 <xymatrix 2x2 191> [17] (./cp2021t.ind [18]
! Missing $ inserted.
<inserted text> 
                $
l.54     \subitem
                  \
? 
! Missing $ inserted.
<inserted text> 
                $
l.56 
     
? 
[19


]) (./cp2021t.bbl) [20

] (./cp2021t.aux)
Package rerunfilecheck Info: File `cp2021t.out' has not changed.
(rerunfilecheck)             Checksum: EA7FB4FC5A98FA43078E0E0DB4138C0B;1358.
 ) 
Here is how much of TeX's memory you used:
 16364 strings out of 478994
 235780 string characters out of 5864751
 624980 words of memory out of 5000000
 33391 multiletter control sequences out of 15000+600000
 439244 words of font info for 128 fonts, out of 8000000 for 9000
 1141 hyphenation exceptions out of 8191
 72i,18n,77p,3290b,520s stack positions out of 5000i,500n,10000p,200000b,80000s
{/usr/share/texmf-dist/fonts/enc/dvips/base/8r.enc}</usr/share/texmf-dist/fon
ts/type1/public/amsfonts/cm/cmbx10.pfb></usr/share/texmf-dist/fonts/type1/publi
c/amsfonts/cm/cmex10.pfb></usr/share/texmf-dist/fonts/type1/public/amsfonts/cm/
cmmi10.pfb></usr/share/texmf-dist/fonts/type1/public/amsfonts/cm/cmmi5.pfb></us
r/share/texmf-dist/fonts/type1/public/amsfonts/cm/cmmi7.pfb></usr/share/texmf-d
ist/fonts/type1/public/amsfonts/cm/cmr10.pfb></usr/share/texmf-dist/fonts/type1
/public/amsfonts/cm/cmr5.pfb></usr/share/texmf-dist/fonts/type1/public/amsfonts
/cm/cmr7.pfb></usr/share/texmf-dist/fonts/type1/public/amsfonts/cm/cmss10.pfb><
/usr/share/texmf-dist/fonts/type1/public/amsfonts/cm/cmss8.pfb></usr/share/texm
f-dist/fonts/type1/public/amsfonts/cm/cmsy10.pfb></usr/share/texmf-dist/fonts/t
ype1/public/amsfonts/cm/cmsy7.pfb></usr/share/texmf-dist/fonts/type1/public/ams
fonts/cm/cmti10.pfb></usr/share/texmf-dist/fonts/type1/public/amsfonts/cm/cmti7
.pfb></usr/share/texmf-dist/fonts/type1/public/amsfonts/cm/cmti8.pfb></usr/shar
e/texmf-dist/fonts/type1/public/amsfonts/symbols/msam10.pfb></usr/share/texmf-d
ist/fonts/type1/public/amsfonts/symbols/msbm10.pfb></usr/share/texmf-dist/fonts
/type1/public/amsfonts/symbols/msbm7.pfb></usr/share/texmf-dist/fonts/type1/pub
lic/stmaryrd/stmary10.pfb></usr/share/texmf-dist/fonts/type1/urw/courier/ucrr8a
.pfb></usr/share/texmf-dist/fonts/type1/urw/helvetic/uhvr8a.pfb></usr/share/tex
mf-dist/fonts/type1/urw/palatino/uplb8a.pfb></usr/share/texmf-dist/fonts/type1/
urw/palatino/uplr8a.pfb></usr/share/texmf-dist/fonts/type1/urw/palatino/uplr8a.
pfb></usr/share/texmf-dist/fonts/type1/urw/palatino/uplri8a.pfb></usr/share/tex
mf-dist/fonts/type1/public/xypic/xyatip10.pfb></usr/share/texmf-dist/fonts/type
1/public/xypic/xybtip10.pfb>
Output written on cp2021t.pdf (20 pages, 359515 bytes).
PDF statistics:
 495 PDF objects out of 1000 (max. 8388607)
 439 compressed objects within 5 object streams
 112 named destinations out of 1000 (max. 500000)
 70 words of extra memory for PDF output out of 10000 (max. 10000000)

